<?xml version="1.0" encoding="utf-8"?><testsuites name="pytest tests"><testsuite name="pytest" errors="0" failures="0" skipped="0" tests="6" time="2.398" timestamp="2026-08-12T11:33:52.002133+00:00" hostname="agent-env-1735a366-d9da-4875-8f79-376e30f24962"><testcase classname="tests.test_health_check" name="test_frontend_root_200" time="0.216" /><testcase classname="tests.test_health_check" name="test_login_three_times_stable" time="1.072" /><testcase classname="tests.test_health_check" name="test_auth_me" time="0.428" /><testcase classname="tests.test_health_check" name="test_products" time="0.179" /><testcase classname="tests.test_health_check" name="test_dashboard" time="0.105" /><testcase classname="tests.test_health_check" name="test_toolholders" time="0.096" /></testsuite></testsuites>