<?xml version="1.0" encoding="utf-8"?><testsuites name="pytest tests"><testsuite name="pytest" errors="0" failures="0" skipped="0" tests="19" time="5.580" timestamp="2026-08-12T09:00:09.579383+00:00" hostname="agent-env-1735a366-d9da-4875-8f79-376e30f24962"><testcase classname="tests.test_toolholders.TestToolHolderStockFlow" name="test_stock_in_increments" time="1.230" /><testcase classname="tests.test_toolholders.TestToolHolderCRUD" name="test_list_toolholders_both_roles" time="1.103" /><testcase classname="tests.test_toolholders.TestToolHolderCRUD" name="test_viewer_cannot_create" time="0.130" /><testcase classname="tests.test_toolholders.TestToolHolderStockFlow" name="test_stock_in_zero_quantity_400" time="0.397" /><testcase classname="tests.test_toolholders.TestToolHolderCRUD" name="test_admin_create_full_fields" time="0.376" /><testcase classname="tests.test_toolholders.TestToolHolderCRUD" name="test_admin_update" time="0.436" /><testcase classname="tests.test_toolholders.TestToolHolderStockFlow" name="test_stock_in_viewer_403" time="0.752" /><testcase classname="tests.test_toolholders.TestToolHolderCRUD" name="test_viewer_cannot_update_delete" time="0.484" /><testcase classname="tests.test_toolholders.TestToolHolderStockFlow" name="test_stock_out_with_machine" time="0.581" /><testcase classname="tests.test_toolholders.TestToolHolderCRUD" name="test_admin_delete" time="0.391" /><testcase classname="tests.test_toolholders.TestIsSpecialFlag" name="test_create_product_with_is_special_true" time="0.340" /><testcase classname="tests.test_toolholders.TestToolHolderStockFlow" name="test_stock_out_insufficient_400" time="0.353" /><testcase classname="tests.test_toolholders.TestIsSpecialFlag" name="test_create_product_without_is_special_defaults_false" time="0.196" /><testcase classname="tests.test_toolholders.TestToolHolderStockFlow" name="test_stock_out_invalid_machine_404" time="0.293" /><testcase classname="tests.test_toolholders.TestIsSpecialFlag" name="test_existing_products_tolerate_missing_field" time="0.099" /><testcase classname="tests.test_toolholders.TestToolHolderIndependent" name="test_creating_toolholder_does_not_create_product" time="0.444" /><testcase classname="tests.test_toolholders.TestToolHolderStockFlow" name="test_stock_out_missing_machine_id_422" time="0.322" /><testcase classname="tests.test_toolholders.TestToolHolderStockFlow" name="test_stock_out_viewer_403" time="0.335" /><testcase classname="tests.test_toolholders.TestToolHolderStockFlow" name="test_movements_filter" time="0.801" /></testsuite></testsuites>