<?xml version="1.0" encoding="utf-8"?><testsuites name="pytest tests"><testsuite name="pytest" errors="0" failures="0" skipped="0" tests="40" time="80.239" timestamp="2026-08-12T07:50:33.285239+00:00" hostname="agent-env-1735a366-d9da-4875-8f79-376e30f24962"><testcase classname="tests.backend_test.TestAuthProtection" name="test_no_token_401[/products]" time="0.357" /><testcase classname="tests.backend_test.TestOrdersManualItems" name="test_order_with_select_item" time="0.961" /><testcase classname="tests.backend_test.TestAuthProtection" name="test_no_token_401[/personnel]" time="0.106" /><testcase classname="tests.backend_test.TestAuthProtection" name="test_no_token_401[/machines]" time="0.152" /><testcase classname="tests.backend_test.TestAuthProtection" name="test_no_token_401[/dashboard]" time="0.097" /><testcase classname="tests.backend_test.TestAuthProtection" name="test_no_token_401[/movements]" time="0.096" /><testcase classname="tests.backend_test.TestAuthProtection" name="test_no_token_401[/products/critical]" time="0.094" /><testcase classname="tests.backend_test.TestAuthProtection" name="test_no_token_401[/suppliers]" time="0.094" /><testcase classname="tests.backend_test.TestOrdersManualItems" name="test_order_with_manual_item" time="0.462" /><testcase classname="tests.backend_test.TestAuthProtection" name="test_no_token_401[/orders]" time="0.138" /><testcase classname="tests.backend_test.TestAuthProtection" name="test_no_token_401[/reports/by-supplier]" time="0.092" /><testcase classname="tests.backend_test.TestAuthProtection" name="test_no_token_401[/products/import/template]" time="0.143" /><testcase classname="tests.backend_test.TestOrdersManualItems" name="test_receive_partial_manual_creates_product" time="69.468" /><testcase classname="tests.backend_test.TestAuth" name="test_login_ok" time="0.326" /><testcase classname="tests.backend_test.TestAuth" name="test_login_wrong_password" time="0.322" /><testcase classname="tests.backend_test.TestAuth" name="test_me_no_token" time="0.103" /><testcase classname="tests.backend_test.TestAuth" name="test_me_ok" time="0.101" /><testcase classname="tests.backend_test.TestSeedAndSchema" name="test_products_no_unit_price_on_new_yzk" time="37.107" /><testcase classname="tests.backend_test.TestSeedAndSchema" name="test_seed_products_use_yzk_codes" time="0.165" /><testcase classname="tests.backend_test.TestSeedAndSchema" name="test_personnel_schema" time="2.155" /><testcase classname="tests.backend_test.TestSeedAndSchema" name="test_critical_products" time="0.098" /><testcase classname="tests.backend_test.TestProducts" name="test_auto_yzk_code_when_empty" time="1.210" /><testcase classname="tests.backend_test.TestProducts" name="test_provided_code_used" time="35.951" /><testcase classname="tests.backend_test.TestOrdersManualItems" name="test_close_manual_only_order_creates_product" time="0.850" /><testcase classname="tests.backend_test.TestOrdersManualItems" name="test_order_partial_receive_select_item" time="0.926" /><testcase classname="tests.backend_test.TestStock" name="test_stock_in_no_unit_price" time="0.319" /><testcase classname="tests.backend_test.TestStock" name="test_stock_out_critical_flag" time="0.948" /><testcase classname="tests.backend_test.TestStock" name="test_stock_out_requires_personnel_and_machine" time="0.297" /><testcase classname="tests.backend_test.TestDashboardReports" name="test_dashboard" time="0.098" /><testcase classname="tests.backend_test.TestDashboardReports" name="test_report_summary_shape" time="0.111" /><testcase classname="tests.backend_test.TestDashboardReports" name="test_report_excel_download" time="0.110" /><testcase classname="tests.backend_test.TestProductImport" name="test_template_download" time="0.330" /><testcase classname="tests.backend_test.TestProductImport" name="test_import_preview_and_commit_with_auto_code" time="0.502" /><testcase classname="tests.backend_test.TestProductImport" name="test_import_rejects_non_xlsx" time="0.099" /><testcase classname="tests.backend_test.TestPersonnel" name="test_create_without_reg_no_or_email" time="0.219" /><testcase classname="tests.backend_test.TestPersonnel" name="test_create_with_custom_department" time="0.199" /><testcase classname="tests.backend_test.TestMachines" name="test_create_with_type" time="0.393" /><testcase classname="tests.backend_test.TestSuppliers" name="test_suppliers_crud" time="0.383" /><testcase classname="tests.backend_test.TestProducts" name="test_update_all_fields" time="0.299" /><testcase classname="tests.backend_test.TestProducts" name="test_auto_code_increments" time="0.410" /></testsuite></testsuites>