<?xml version="1.0" encoding="utf-8"?><testsuites name="pytest tests"><testsuite name="pytest" errors="0" failures="0" skipped="0" tests="14" time="7.945" timestamp="2026-08-12T09:39:20.985981+00:00" hostname="agent-env-1735a366-d9da-4875-8f79-376e30f24962"><testcase classname="tests.test_iter7.TestChangePassword" name="test_no_token_401" time="0.420" /><testcase classname="tests.test_iter7.TestToolHolderImport" name="test_template_download" time="0.753" /><testcase classname="tests.test_iter7.TestChangePassword" name="test_new_pw_too_short_422" time="0.446" /><testcase classname="tests.test_iter7.TestToolHolderImport" name="test_template_requires_auth" time="0.174" /><testcase classname="tests.test_iter7.TestChangePassword" name="test_wrong_current_400" time="0.350" /><testcase classname="tests.test_iter7.TestChangePassword" name="test_same_as_current_400" time="0.509" /><testcase classname="tests.test_iter7.TestToolHolderImport" name="test_viewer_import_403" time="1.311" /><testcase classname="tests.test_iter7.TestChangePassword" name="test_admin_full_flow_and_restore" time="3.007" /><testcase classname="tests.test_iter7.TestToolHolderImport" name="test_import_preview_no_commit" time="0.639" /><testcase classname="tests.test_iter7.TestToolHolderImport" name="test_import_commit_creates_and_updates" time="1.538" /><testcase classname="tests.test_iter7.TestToolHolderImport" name="test_import_rejects_non_xlsx" time="0.315" /><testcase classname="tests.test_iter7.TestDashboardCritical" name="test_dashboard_has_critical_products" time="1.215" /><testcase classname="tests.test_iter7.TestChangePassword" name="test_viewer_can_change_own_password" time="1.252" /><testcase classname="tests.test_iter7.TestCriticalEmailSuppressed" name="test_stock_out_critical_no_email_sent" time="1.119" /></testsuite></testsuites>