<?xml version="1.0" encoding="utf-8"?><testsuites name="pytest tests"><testsuite name="pytest" errors="0" failures="0" skipped="0" tests="9" time="4.861" timestamp="2026-08-12T06:28:42.807458+00:00" hostname="agent-env-1735a366-d9da-4875-8f79-376e30f24962"><testcase classname="tests.backend_test.TestProductImport" name="test_template_download" time="0.858" /><testcase classname="tests.backend_test.TestPartialReceive" name="test_new_order_items_have_received_qty_zero" time="1.484" /><testcase classname="tests.backend_test.TestProductImport" name="test_template_auth" time="0.112" /><testcase classname="tests.backend_test.TestProductImport" name="test_import_rejects_non_xlsx" time="0.096" /><testcase classname="tests.backend_test.TestProductImport" name="test_import_missing_required_column" time="0.104" /><testcase classname="tests.backend_test.TestProductImport" name="test_import_preview_then_commit" time="0.778" /><testcase classname="tests.backend_test.TestPartialReceive" name="test_partial_receive_flow" time="1.674" /><testcase classname="tests.backend_test.TestPartialReceive" name="test_close_after_partial_only_stocks_remaining" time="0.984" /><testcase classname="tests.backend_test.TestPartialReceive" name="test_receive_auth_required" time="0.098" /></testsuite></testsuites>