<?xml version="1.0" encoding="utf-8"?><testsuites name="pytest tests"><testsuite name="pytest" errors="0" failures="0" skipped="0" tests="11" time="3.017" timestamp="2026-08-12T10:58:44.744055+00:00" hostname="agent-env-1735a366-d9da-4875-8f79-376e30f24962"><testcase classname="tests.test_iter8_edge_import.TestToolHolderImportEdgeCases" name="test_regression_normal_row" time="0.585" /><testcase classname="tests.test_iter8_edge_import.TestToolHolderImportEdgeCases" name="test_nan_inf_sanitized" time="0.151" /><testcase classname="tests.test_iter8_edge_import.TestToolHolderImportEdgeCases" name="test_turkish_decimal_comma" time="0.149" /><testcase classname="tests.test_iter8_edge_import.TestToolHolderImportEdgeCases" name="test_datetime_in_string_columns" time="0.112" /><testcase classname="tests.test_iter8_edge_import.TestToolHolderImportEdgeCases" name="test_utf8_bom_in_name" time="0.107" /><testcase classname="tests.test_iter8_edge_import.TestToolHolderImportEdgeCases" name="test_empty_numeric_cells_default_zero" time="0.103" /><testcase classname="tests.test_iter8_edge_import.TestToolHolderImportEdgeCases" name="test_non_numeric_abc_triggers_skip" time="0.104" /><testcase classname="tests.test_iter8_edge_import.TestToolHolderImportEdgeCases" name="test_commit_true_persists_sanitized" time="0.466" /><testcase classname="tests.test_iter8_edge_import.TestToolHolderImportEdgeCases" name="test_viewer_forbidden" time="0.751" /><testcase classname="tests.test_iter8_edge_import.TestProductImportEdgeCases" name="test_nan_turkish_comma_products" time="0.104" /><testcase classname="tests.test_iter8_edge_import.TestProductImportEdgeCases" name="test_abc_products_skip" time="0.151" /></testsuite></testsuites>