<?xml version="1.0" encoding="utf-8"?><testsuites name="pytest tests"><testsuite name="pytest" errors="0" failures="0" skipped="0" tests="79" time="76.845" timestamp="2026-08-12T08:08:14.797833+00:00" hostname="agent-env-1735a366-d9da-4875-8f79-376e30f24962"><testcase classname="tests.backend_test.TestAuthProtection" name="test_no_token_401[/products]" time="0.130" /><testcase classname="tests.backend_test.TestAuthProtection" name="test_no_token_401[/personnel]" time="0.253" /><testcase classname="tests.backend_test.TestAuthProtection" name="test_no_token_401[/machines]" time="0.095" /><testcase classname="tests.test_rbac.TestViewerCannotMutate" name="test_viewer_post_products" time="0.560" /><testcase classname="tests.backend_test.TestAuthProtection" name="test_no_token_401[/dashboard]" time="0.097" /><testcase classname="tests.test_rbac.TestViewerCannotMutate" name="test_viewer_put_products_nonexistent" time="0.104" /><testcase classname="tests.backend_test.TestAuthProtection" name="test_no_token_401[/movements]" time="0.143" /><testcase classname="tests.test_rbac.TestViewerCannotMutate" name="test_viewer_delete_products" time="0.105" /><testcase classname="tests.backend_test.TestAuthProtection" name="test_no_token_401[/products/critical]" time="0.091" /><testcase classname="tests.test_rbac.TestViewerCannotMutate" name="test_viewer_post_personnel" time="0.096" /><testcase classname="tests.backend_test.TestAuthProtection" name="test_no_token_401[/suppliers]" time="0.134" /><testcase classname="tests.test_rbac.TestViewerCannotMutate" name="test_viewer_put_personnel" time="0.102" /><testcase classname="tests.backend_test.TestAuthProtection" name="test_no_token_401[/orders]" time="0.093" /><testcase classname="tests.test_rbac.TestViewerCannotMutate" name="test_viewer_delete_personnel" time="0.096" /><testcase classname="tests.backend_test.TestAuthProtection" name="test_no_token_401[/reports/by-supplier]" time="0.099" /><testcase classname="tests.test_rbac.TestViewerCannotMutate" name="test_viewer_post_machines" time="0.092" /><testcase classname="tests.backend_test.TestAuthProtection" name="test_no_token_401[/products/import/template]" time="0.097" /><testcase classname="tests.test_rbac.TestViewerCannotMutate" name="test_viewer_put_machines" time="0.096" /><testcase classname="tests.test_rbac.TestViewerCannotMutate" name="test_viewer_delete_machines" time="0.305" /><testcase classname="tests.test_rbac.TestViewerCanRead" name="test_viewer_get_ok[/products]" time="0.428" /><testcase classname="tests.test_rbac.TestViewerCannotMutate" name="test_viewer_post_stock_in" time="0.099" /><testcase classname="tests.test_rbac.TestViewerCannotMutate" name="test_viewer_post_stock_out" time="0.095" /><testcase classname="tests.test_rbac.TestViewerCanRead" name="test_viewer_get_ok[/personnel]" time="0.098" /><testcase classname="tests.test_rbac.TestViewerCannotMutate" name="test_viewer_post_suppliers" time="0.097" /><testcase classname="tests.test_rbac.TestViewerCanRead" name="test_viewer_get_ok[/machines]" time="0.095" /><testcase classname="tests.test_rbac.TestViewerCannotMutate" name="test_viewer_put_suppliers" time="0.098" /><testcase classname="tests.test_rbac.TestViewerCanRead" name="test_viewer_get_ok[/suppliers]" time="0.138" /><testcase classname="tests.test_rbac.TestViewerCannotMutate" name="test_viewer_delete_suppliers" time="0.094" /><testcase classname="tests.test_rbac.TestViewerCanRead" name="test_viewer_get_ok[/orders]" time="0.102" /><testcase classname="tests.test_rbac.TestViewerCannotMutate" name="test_viewer_post_orders" time="0.137" /><testcase classname="tests.test_rbac.TestViewerCanRead" name="test_viewer_get_ok[/movements]" time="0.104" /><testcase classname="tests.test_rbac.TestViewerCannotMutate" name="test_viewer_post_order_close" time="0.102" /><testcase classname="tests.test_rbac.TestViewerCanRead" name="test_viewer_get_ok[/dashboard]" time="0.099" /><testcase classname="tests.test_rbac.TestViewerCannotMutate" name="test_viewer_post_order_receive" time="0.100" /><testcase classname="tests.test_rbac.TestViewerCanRead" name="test_viewer_get_ok[/reports/summary]" time="0.114" /><testcase classname="tests.test_rbac.TestViewerCannotMutate" name="test_viewer_delete_orders" time="0.096" /><testcase classname="tests.test_rbac.TestViewerCanRead" name="test_viewer_get_ok[/products/critical]" time="0.101" /><testcase classname="tests.test_rbac.TestViewerCannotMutate" name="test_viewer_products_import" time="0.097" /><testcase classname="tests.test_rbac.TestViewerCanRead" name="test_viewer_reports_excel" time="0.116" /><testcase classname="tests.test_rbac.TestViewerCannotMutate" name="test_viewer_send_daily_digest" time="0.100" /><testcase classname="tests.backend_test.TestOrdersManualItems" name="test_order_with_select_item" time="1.483" /><testcase classname="tests.test_rbac.TestAuthRolePlumbing" name="test_admin_login_returns_role_admin" time="0.527" /><testcase classname="tests.test_rbac.TestAuthRolePlumbing" name="test_admin_me_returns_role_admin" time="0.099" /><testcase classname="tests.test_rbac.TestAuthRolePlumbing" name="test_register_returns_viewer_role_and_token" time="0.000" /><testcase classname="tests.test_rbac.TestAuthRolePlumbing" name="test_viewer_me_returns_role_viewer" time="0.099" /><testcase classname="tests.test_rbac.TestAuthRolePlumbing" name="test_legacy_user_is_viewer_if_exists" time="0.371" /><testcase classname="tests.backend_test.TestOrdersManualItems" name="test_order_with_manual_item" time="0.554" /><testcase classname="tests.backend_test.TestAuth" name="test_login_ok" time="0.378" /><testcase classname="tests.backend_test.TestAuth" name="test_login_wrong_password" time="0.323" /><testcase classname="tests.backend_test.TestAuth" name="test_me_no_token" time="0.109" /><testcase classname="tests.backend_test.TestAuth" name="test_me_ok" time="0.135" /><testcase classname="tests.backend_test.TestOrdersManualItems" name="test_receive_partial_manual_creates_product" time="0.864" /><testcase classname="tests.backend_test.TestSeedAndSchema" name="test_products_no_unit_price_on_new_yzk" time="0.118" /><testcase classname="tests.backend_test.TestSeedAndSchema" name="test_seed_products_use_yzk_codes" time="0.103" /><testcase classname="tests.backend_test.TestSeedAndSchema" name="test_personnel_schema" time="0.110" /><testcase classname="tests.backend_test.TestSeedAndSchema" name="test_critical_products" time="0.110" /><testcase classname="tests.backend_test.TestProducts" name="test_auto_yzk_code_when_empty" time="0.195" /><testcase classname="tests.backend_test.TestProducts" name="test_provided_code_used" time="0.346" /><testcase classname="tests.backend_test.TestOrdersManualItems" name="test_close_manual_only_order_creates_product" time="0.670" /><testcase classname="tests.backend_test.TestProducts" name="test_update_all_fields" time="0.305" /><testcase classname="tests.backend_test.TestProducts" name="test_auto_code_increments" time="0.390" /><testcase classname="tests.backend_test.TestOrdersManualItems" name="test_order_partial_receive_select_item" time="36.964" /><testcase classname="tests.backend_test.TestDashboardReports" name="test_dashboard" time="0.099" /><testcase classname="tests.backend_test.TestDashboardReports" name="test_report_summary_shape" time="0.098" /><testcase classname="tests.backend_test.TestDashboardReports" name="test_report_excel_download" time="0.153" /><testcase classname="tests.backend_test.TestProductImport" name="test_template_download" time="68.382" /><testcase classname="tests.backend_test.TestStock" name="test_stock_in_no_unit_price" time="0.301" /><testcase classname="tests.backend_test.TestStock" name="test_stock_out_critical_flag" time="1.829" /><testcase classname="tests.backend_test.TestStock" name="test_stock_out_requires_personnel_and_machine" time="0.286" /><testcase classname="tests.test_rbac.TestAuthBeforeRole" name="test_no_token_post_products_401" time="0.106" /><testcase classname="tests.test_rbac.TestAuthBeforeRole" name="test_no_token_delete_products_401" time="0.095" /><testcase classname="tests.test_rbac.TestAuthBeforeRole" name="test_bad_token_post_products_401" time="0.095" /><testcase classname="tests.backend_test.TestPersonnel" name="test_create_without_reg_no_or_email" time="0.195" /><testcase classname="tests.backend_test.TestPersonnel" name="test_create_with_custom_department" time="0.191" /><testcase classname="tests.backend_test.TestMachines" name="test_create_with_type" time="0.390" /><testcase classname="tests.backend_test.TestSuppliers" name="test_suppliers_crud" time="0.398" /><testcase classname="tests.test_rbac.TestAdminCanMutate" name="test_admin_full_flow" time="2.194" /><testcase classname="tests.backend_test.TestProductImport" name="test_import_preview_and_commit_with_auto_code" time="0.561" /><testcase classname="tests.backend_test.TestProductImport" name="test_import_rejects_non_xlsx" time="0.459" /></testsuite></testsuites>