<?xml version="1.0" encoding="utf-8"?><testsuites name="pytest tests"><testsuite name="pytest" errors="0" failures="0" skipped="0" tests="46" time="10.358" timestamp="2026-08-12T06:34:47.067616+00:00" hostname="agent-env-1735a366-d9da-4875-8f79-376e30f24962"><testcase classname="tests.backend_test.TestAuthProtectionV2" name="test_no_token[get-/suppliers]" time="0.134" /><testcase classname="tests.backend_test.TestAuthProtection" name="test_no_token_401[/products]" time="0.180" /><testcase classname="tests.backend_test.TestAuthProtectionV2" name="test_no_token[post-/suppliers]" time="0.099" /><testcase classname="tests.backend_test.TestAuthProtection" name="test_no_token_401[/personnel]" time="0.109" /><testcase classname="tests.backend_test.TestAuthProtectionV2" name="test_no_token[get-/orders]" time="0.103" /><testcase classname="tests.backend_test.TestAuthProtection" name="test_no_token_401[/machines]" time="0.108" /><testcase classname="tests.backend_test.TestAuthProtectionV2" name="test_no_token[post-/orders]" time="0.142" /><testcase classname="tests.backend_test.TestAuthProtection" name="test_no_token_401[/dashboard]" time="0.092" /><testcase classname="tests.backend_test.TestAuthProtectionV2" name="test_no_token[get-/reports/by-supplier]" time="0.097" /><testcase classname="tests.backend_test.TestAuthProtection" name="test_no_token_401[/movements]" time="0.135" /><testcase classname="tests.backend_test.TestAuthProtectionV2" name="test_no_token[post-/admin/send-daily-digest]" time="0.098" /><testcase classname="tests.backend_test.TestAuthProtection" name="test_no_token_401[/products/critical]" time="0.095" /><testcase classname="tests.backend_test.TestAuth" name="test_login_ok" time="0.324" /><testcase classname="tests.backend_test.TestAuth" name="test_login_wrong_password" time="0.504" /><testcase classname="tests.backend_test.TestProductImport" name="test_template_download" time="1.002" /><testcase classname="tests.backend_test.TestAuth" name="test_me_no_token" time="0.217" /><testcase classname="tests.backend_test.TestAuth" name="test_me_ok" time="0.146" /><testcase classname="tests.backend_test.TestProductImport" name="test_template_auth" time="0.114" /><testcase classname="tests.backend_test.TestProductImport" name="test_import_rejects_non_xlsx" time="0.097" /><testcase classname="tests.backend_test.TestAuth" name="test_register_new_and_duplicate" time="0.513" /><testcase classname="tests.backend_test.TestProductImport" name="test_import_missing_required_column" time="0.264" /><testcase classname="tests.backend_test.TestProductImport" name="test_import_preview_then_commit" time="0.770" /><testcase classname="tests.backend_test.TestSeed" name="test_products_seed" time="0.095" /><testcase classname="tests.backend_test.TestSeed" name="test_personnel_seed" time="0.177" /><testcase classname="tests.backend_test.TestSeed" name="test_machines_seed" time="0.099" /><testcase classname="tests.backend_test.TestSeed" name="test_critical_products" time="0.135" /><testcase classname="tests.backend_test.TestDashboardReports" name="test_dashboard" time="0.098" /><testcase classname="tests.backend_test.TestPartialReceive" name="test_new_order_items_have_received_qty_zero" time="0.628" /><testcase classname="tests.backend_test.TestDashboardReports" name="test_report_summary" time="0.097" /><testcase classname="tests.backend_test.TestDashboardReports" name="test_report_excel" time="0.110" /><testcase classname="tests.backend_test.TestPersonnelMachines" name="test_personnel_crud" time="0.383" /><testcase classname="tests.backend_test.TestPersonnelMachines" name="test_machine_crud" time="0.334" /><testcase classname="tests.backend_test.TestPartialReceive" name="test_partial_receive_flow" time="1.629" /><testcase classname="tests.backend_test.TestSuppliers" name="test_suppliers_crud_full" time="0.496" /><testcase classname="tests.backend_test.TestSuppliers" name="test_suppliers_auth_required" time="0.191" /><testcase classname="tests.backend_test.TestOrders" name="test_order_lifecycle" time="1.682" /><testcase classname="tests.backend_test.TestPartialReceive" name="test_close_after_partial_only_stocks_remaining" time="1.091" /><testcase classname="tests.backend_test.TestOrders" name="test_orders_auth_required" time="0.090" /><testcase classname="tests.backend_test.TestPartialReceive" name="test_receive_auth_required" time="0.138" /><testcase classname="tests.backend_test.TestReportsBySupplier" name="test_by_supplier_aggregation" time="0.751" /><testcase classname="tests.backend_test.TestDailyDigest" name="test_manual_trigger" time="0.293" /><testcase classname="tests.backend_test.TestDailyDigest" name="test_manual_trigger_auth" time="0.094" /><testcase classname="tests.backend_test.TestStockFlow" name="test_full_flow" time="1.325" /><testcase classname="tests.backend_test.TestReportsBySupplier" name="test_by_supplier_auth" time="0.095" /><testcase classname="tests.backend_test.TestProductsCRUD" name="test_crud_and_dup" time="0.555" /><testcase classname="tests.backend_test.TestStockInSupplier" name="test_stockin_stores_supplier_fields" time="1.610" /></testsuite></testsuites>