<?xml version="1.0" encoding="utf-8"?><testsuites name="pytest tests"><testsuite name="pytest" errors="0" failures="1" skipped="0" tests="37" time="6.889" timestamp="2026-08-12T06:17:58.787760+00:00" hostname="agent-env-1735a366-d9da-4875-8f79-376e30f24962"><testcase classname="tests.backend_test.TestAuthProtection" name="test_no_token_401[/products]" time="0.199" /><testcase classname="tests.backend_test.TestAuthProtectionV2" name="test_no_token[get-/suppliers]" time="0.201" /><testcase classname="tests.backend_test.TestAuthProtection" name="test_no_token_401[/personnel]" time="0.095" /><testcase classname="tests.backend_test.TestAuthProtectionV2" name="test_no_token[post-/suppliers]" time="0.109" /><testcase classname="tests.backend_test.TestAuthProtection" name="test_no_token_401[/machines]" time="0.099" /><testcase classname="tests.backend_test.TestAuthProtectionV2" name="test_no_token[get-/orders]" time="0.142" /><testcase classname="tests.backend_test.TestAuthProtection" name="test_no_token_401[/dashboard]" time="0.134" /><testcase classname="tests.backend_test.TestAuthProtectionV2" name="test_no_token[post-/orders]" time="0.097" /><testcase classname="tests.backend_test.TestAuthProtection" name="test_no_token_401[/movements]" time="0.099" /><testcase classname="tests.backend_test.TestAuthProtectionV2" name="test_no_token[get-/reports/by-supplier]" time="0.099" /><testcase classname="tests.backend_test.TestAuthProtection" name="test_no_token_401[/products/critical]" time="0.108" /><testcase classname="tests.backend_test.TestAuthProtectionV2" name="test_no_token[post-/admin/send-daily-digest]" time="0.141" /><testcase classname="tests.backend_test.TestAuth" name="test_login_ok" time="0.318" /><testcase classname="tests.backend_test.TestAuth" name="test_login_wrong_password" time="0.505" /><testcase classname="tests.backend_test.TestSeed" name="test_products_seed" time="0.771" /><testcase classname="tests.backend_test.TestAuth" name="test_me_no_token" time="0.094" /><testcase classname="tests.backend_test.TestSeed" name="test_personnel_seed" time="0.095" /><testcase classname="tests.backend_test.TestAuth" name="test_me_ok" time="0.099" /><testcase classname="tests.backend_test.TestSeed" name="test_machines_seed" time="0.095" /><testcase classname="tests.backend_test.TestAuth" name="test_register_new_and_duplicate" time="0.423" /><testcase classname="tests.backend_test.TestSeed" name="test_critical_products" time="0.322" /><testcase classname="tests.backend_test.TestPersonnelMachines" name="test_personnel_crud" time="0.293" /><testcase classname="tests.backend_test.TestDashboardReports" name="test_dashboard" time="0.098" /><testcase classname="tests.backend_test.TestDashboardReports" name="test_report_summary" time="0.193" /><testcase classname="tests.backend_test.TestPersonnelMachines" name="test_machine_crud" time="0.313" /><testcase classname="tests.backend_test.TestDashboardReports" name="test_report_excel" time="0.115" /><testcase classname="tests.backend_test.TestOrders" name="test_order_lifecycle" time="1.596" /><testcase classname="tests.backend_test.TestSuppliers" name="test_suppliers_crud_full" time="0.379"><failure message="KeyError: 'contact'">backend/tests/backend_test.py:260: in test_suppliers_crud_full
    assert ru.json()["contact"] == "Veli"
           ^^^^^^^^^^^^^^^^^^^^
E   KeyError: 'contact'</failure></testcase><testcase classname="tests.backend_test.TestSuppliers" name="test_suppliers_auth_required" time="0.202" /><testcase classname="tests.backend_test.TestDailyDigest" name="test_manual_trigger" time="0.375" /><testcase classname="tests.backend_test.TestDailyDigest" name="test_manual_trigger_auth" time="0.098" /><testcase classname="tests.backend_test.TestProductsCRUD" name="test_crud_and_dup" time="0.586" /><testcase classname="tests.backend_test.TestOrders" name="test_orders_auth_required" time="0.096" /><testcase classname="tests.backend_test.TestReportsBySupplier" name="test_by_supplier_aggregation" time="0.822" /><testcase classname="tests.backend_test.TestStockFlow" name="test_full_flow" time="1.289" /><testcase classname="tests.backend_test.TestReportsBySupplier" name="test_by_supplier_auth" time="0.121" /><testcase classname="tests.backend_test.TestStockInSupplier" name="test_stockin_stores_supplier_fields" time="0.641" /></testsuite></testsuites>