<?xml version="1.0" encoding="utf-8"?><testsuites name="pytest tests"><testsuite name="pytest" errors="0" failures="1" skipped="0" tests="39" time="5.131" timestamp="2026-08-12T08:06:21.315458+00:00" hostname="agent-env-1735a366-d9da-4875-8f79-376e30f24962"><testcase classname="tests.test_rbac.TestViewerCanRead" name="test_viewer_get_ok[/products]" time="0.812" /><testcase classname="tests.test_rbac.TestViewerCannotMutate" name="test_viewer_post_products" time="0.780" /><testcase classname="tests.test_rbac.TestViewerCannotMutate" name="test_viewer_put_products_nonexistent" time="0.103" /><testcase classname="tests.test_rbac.TestViewerCanRead" name="test_viewer_get_ok[/personnel]" time="0.191" /><testcase classname="tests.test_rbac.TestViewerCannotMutate" name="test_viewer_delete_products" time="0.139" /><testcase classname="tests.test_rbac.TestViewerCanRead" name="test_viewer_get_ok[/machines]" time="0.137" /><testcase classname="tests.test_rbac.TestViewerCannotMutate" name="test_viewer_post_personnel" time="0.096" /><testcase classname="tests.test_rbac.TestViewerCannotMutate" name="test_viewer_put_personnel" time="0.097" /><testcase classname="tests.test_rbac.TestViewerCanRead" name="test_viewer_get_ok[/suppliers]" time="0.132" /><testcase classname="tests.test_rbac.TestViewerCannotMutate" name="test_viewer_delete_personnel" time="0.090" /><testcase classname="tests.test_rbac.TestViewerCanRead" name="test_viewer_get_ok[/orders]" time="0.095" /><testcase classname="tests.test_rbac.TestViewerCannotMutate" name="test_viewer_post_machines" time="0.094" /><testcase classname="tests.test_rbac.TestViewerCanRead" name="test_viewer_get_ok[/movements]" time="0.104" /><testcase classname="tests.test_rbac.TestViewerCannotMutate" name="test_viewer_put_machines" time="0.136" /><testcase classname="tests.test_rbac.TestViewerCanRead" name="test_viewer_get_ok[/dashboard]" time="0.097" /><testcase classname="tests.test_rbac.TestViewerCannotMutate" name="test_viewer_delete_machines" time="0.098" /><testcase classname="tests.test_rbac.TestViewerCanRead" name="test_viewer_get_ok[/reports/summary]" time="0.097" /><testcase classname="tests.test_rbac.TestViewerCannotMutate" name="test_viewer_post_stock_in" time="0.091" /><testcase classname="tests.test_rbac.TestViewerCanRead" name="test_viewer_get_ok[/products/critical]" time="0.093" /><testcase classname="tests.test_rbac.TestViewerCannotMutate" name="test_viewer_post_stock_out" time="0.100" /><testcase classname="tests.test_rbac.TestViewerCanRead" name="test_viewer_reports_excel" time="0.116" /><testcase classname="tests.test_rbac.TestViewerCannotMutate" name="test_viewer_post_suppliers" time="0.102" /><testcase classname="tests.test_rbac.TestViewerCannotMutate" name="test_viewer_put_suppliers" time="0.271" /><testcase classname="tests.test_rbac.TestAuthRolePlumbing" name="test_admin_login_returns_role_admin" time="0.323" /><testcase classname="tests.test_rbac.TestAuthRolePlumbing" name="test_admin_me_returns_role_admin" time="0.091" /><testcase classname="tests.test_rbac.TestViewerCannotMutate" name="test_viewer_delete_suppliers" time="0.100" /><testcase classname="tests.test_rbac.TestAuthRolePlumbing" name="test_register_returns_viewer_role_and_token" time="0.000" /><testcase classname="tests.test_rbac.TestAuthRolePlumbing" name="test_viewer_me_returns_role_viewer" time="0.099" /><testcase classname="tests.test_rbac.TestViewerCannotMutate" name="test_viewer_post_orders" time="0.136" /><testcase classname="tests.test_rbac.TestAuthRolePlumbing" name="test_legacy_user_is_viewer_if_exists" time="0.327" /><testcase classname="tests.test_rbac.TestViewerCannotMutate" name="test_viewer_post_order_close" time="0.281" /><testcase classname="tests.test_rbac.TestAuthBeforeRole" name="test_no_token_post_products_401" time="0.097" /><testcase classname="tests.test_rbac.TestViewerCannotMutate" name="test_viewer_post_order_receive" time="0.097" /><testcase classname="tests.test_rbac.TestAuthBeforeRole" name="test_no_token_delete_products_401" time="0.093" /><testcase classname="tests.test_rbac.TestViewerCannotMutate" name="test_viewer_delete_orders" time="0.173" /><testcase classname="tests.test_rbac.TestAuthBeforeRole" name="test_bad_token_post_products_401" time="0.095" /><testcase classname="tests.test_rbac.TestViewerCannotMutate" name="test_viewer_products_import" time="0.094" /><testcase classname="tests.test_rbac.TestAdminCanMutate" name="test_admin_full_flow" time="1.555"><failure message="AssertionError: {&quot;detail&quot;:[{&quot;type&quot;:&quot;missing&quot;,&quot;loc&quot;:[&quot;body&quot;,&quot;items&quot;],&quot;msg&quot;:&quot;Field required&quot;,&quot;input&quot;:{&quot;product_id&quot;:&quot;d9d40593-eaeb-44a3-93e2-dab0af4cc71e&quot;,&quot;quantity&quot;:1},&quot;url&quot;:&quot;https://errors.pydantic.dev/2.13/v/missing&quot;}]}&#10;assert 422 == 200&#10; +  where 422 = &lt;Response [422]&gt;.status_code">backend/tests/test_rbac.py:330: in test_admin_full_flow
    assert rcv.status_code == 200, rcv.text
E   AssertionError: {"detail":[{"type":"missing","loc":["body","items"],"msg":"Field required","input":{"product_id":"d9d40593-eaeb-44a3-93e2-dab0af4cc71e","quantity":1},"url":"https://errors.pydantic.dev/2.13/v/missing"}]}
E   assert 422 == 200
E    +  where 422 = &lt;Response [422]&gt;.status_code</failure></testcase><testcase classname="tests.test_rbac.TestViewerCannotMutate" name="test_viewer_send_daily_digest" time="0.607" /></testsuite></testsuites>